d:\program\visual studio projects\labb4\debug\vc142.pdb
d:\program\visual studio projects\labb4\debug\vc142.idb
d:\program\visual studio projects\labb4\debug\labb4_main.obj
d:\program\visual studio projects\labb4\debug\trad.obj
d:\program\visual studio projects\labb4\debug\labb4.tlog\cl.command.1.tlog
d:\program\visual studio projects\labb4\debug\labb4.tlog\cl.read.1.tlog
d:\program\visual studio projects\labb4\debug\labb4.tlog\cl.write.1.tlog
d:\program\visual studio projects\labb4\debug\labb4.tlog\link-cvtres.read.1.tlog
d:\program\visual studio projects\labb4\debug\labb4.tlog\link-cvtres.write.1.tlog
d:\program\visual studio projects\labb4\debug\labb4.tlog\link-rc.read.1.tlog
d:\program\visual studio projects\labb4\debug\labb4.tlog\link-rc.write.1.tlog
d:\program\visual studio projects\labb4\debug\labb4.tlog\link.9372-cvtres.read.1.tlog
d:\program\visual studio projects\labb4\debug\labb4.tlog\link.9372-cvtres.write.1.tlog
d:\program\visual studio projects\labb4\debug\labb4.tlog\link.9372-rc.read.1.tlog
d:\program\visual studio projects\labb4\debug\labb4.tlog\link.9372-rc.write.1.tlog
d:\program\visual studio projects\labb4\debug\labb4.tlog\link.9372.read.1.tlog
d:\program\visual studio projects\labb4\debug\labb4.tlog\link.9372.write.1.tlog
d:\program\visual studio projects\labb4\debug\labb4.tlog\link.command.1.tlog
d:\program\visual studio projects\labb4\debug\labb4.tlog\link.read.1.tlog
d:\program\visual studio projects\labb4\debug\labb4.tlog\link.write.1.tlog
